c:\users\qian hongrui\desktop\opengl_final_project\opengl_final_project\x64\debug\vc141.pdb
c:\users\qian hongrui\desktop\opengl_final_project\opengl_final_project\x64\debug\vc141.idb
c:\users\qian hongrui\desktop\opengl_final_project\opengl_final_project\x64\debug\texture2d.obj
c:\users\qian hongrui\desktop\opengl_final_project\opengl_final_project\x64\debug\textrenderer.obj
c:\users\qian hongrui\desktop\opengl_final_project\opengl_final_project\x64\debug\spriterenderer.obj
c:\users\qian hongrui\desktop\opengl_final_project\opengl_final_project\x64\debug\shader.obj
c:\users\qian hongrui\desktop\opengl_final_project\opengl_final_project\x64\debug\resourcemanager.obj
c:\users\qian hongrui\desktop\opengl_final_project\opengl_final_project\x64\debug\postprocessor.obj
c:\users\qian hongrui\desktop\opengl_final_project\opengl_final_project\x64\debug\particlegenerator.obj
c:\users\qian hongrui\desktop\opengl_final_project\opengl_final_project\x64\debug\main.obj
c:\users\qian hongrui\desktop\opengl_final_project\opengl_final_project\x64\debug\kyogre.obj
c:\users\qian hongrui\desktop\opengl_final_project\opengl_final_project\x64\debug\gameobject.obj
c:\users\qian hongrui\desktop\opengl_final_project\opengl_final_project\x64\debug\gamelevel.obj
c:\users\qian hongrui\desktop\opengl_final_project\opengl_final_project\x64\debug\game.obj
c:\users\qian hongrui\desktop\opengl_final_project\opengl_final_project\x64\debug\ballobject.obj
c:\users\qian hongrui\desktop\opengl_final_project\x64\debug\opengl_final_project.exe
c:\users\qian hongrui\desktop\opengl_final_project\x64\debug\opengl_final_project.ilk
c:\users\qian hongrui\desktop\opengl_final_project\x64\debug\opengl_final_project.pdb
c:\users\qian hongrui\desktop\opengl_final_project\opengl_final_project\x64\debug\opengl_final_project.res
c:\users\qian hongrui\desktop\opengl_final_project\opengl_final_project\x64\debug\glad.obj
c:\users\qian hongrui\desktop\opengl_final_project\opengl_final_project\x64\debug\opengl_f.40998d4d.tlog\cl.command.1.tlog
c:\users\qian hongrui\desktop\opengl_final_project\opengl_final_project\x64\debug\opengl_f.40998d4d.tlog\cl.read.1.tlog
c:\users\qian hongrui\desktop\opengl_final_project\opengl_final_project\x64\debug\opengl_f.40998d4d.tlog\cl.write.1.tlog
c:\users\qian hongrui\desktop\opengl_final_project\opengl_final_project\x64\debug\opengl_f.40998d4d.tlog\link.18452.delete.1.tlog
c:\users\qian hongrui\desktop\opengl_final_project\opengl_final_project\x64\debug\opengl_f.40998d4d.tlog\link.22600.delete.1.tlog
c:\users\qian hongrui\desktop\opengl_final_project\opengl_final_project\x64\debug\opengl_f.40998d4d.tlog\link.25836.delete.1.tlog
c:\users\qian hongrui\desktop\opengl_final_project\opengl_final_project\x64\debug\opengl_f.40998d4d.tlog\link.command.1.tlog
c:\users\qian hongrui\desktop\opengl_final_project\opengl_final_project\x64\debug\opengl_f.40998d4d.tlog\link.delete.1.tlog
c:\users\qian hongrui\desktop\opengl_final_project\opengl_final_project\x64\debug\opengl_f.40998d4d.tlog\link.read.1.tlog
c:\users\qian hongrui\desktop\opengl_final_project\opengl_final_project\x64\debug\opengl_f.40998d4d.tlog\link.write.1.tlog
c:\users\qian hongrui\desktop\opengl_final_project\opengl_final_project\x64\debug\opengl_f.40998d4d.tlog\rc.command.1.tlog
c:\users\qian hongrui\desktop\opengl_final_project\opengl_final_project\x64\debug\opengl_f.40998d4d.tlog\rc.read.1.tlog
c:\users\qian hongrui\desktop\opengl_final_project\opengl_final_project\x64\debug\opengl_f.40998d4d.tlog\rc.write.1.tlog
